<?xml version="1.0" encoding="UTF-8"?>
<coverage generated="1724355517318" clover="3.2.0">
  <project timestamp="1724355517318" name="All files">
    <metrics statements="17" coveredstatements="11" conditionals="6" coveredconditionals="6" methods="5" coveredmethods="4" elements="28" coveredelements="21" complexity="0" loc="17" ncloc="17" packages="1" files="2" classes="2"/>
    <file name="lista1.ts" path="C:\Users\yara.bona\Desktop\Trabalhos Fatec\4 º - Semestre\3 - Laboratorio de Desenvolvimento Web\Lista 1\src\lista1.ts">
      <metrics statements="7" coveredstatements="4" conditionals="3" coveredconditionals="3" methods="1" coveredmethods="1"/>
      <line num="1" count="1" type="stmt"/>
      <line num="2" count="1" type="cond" truecount="3" falsecount="0"/>
      <line num="3" count="1" type="stmt"/>
      <line num="6" count="0" type="stmt"/>
      <line num="7" count="0" type="stmt"/>
      <line num="8" count="0" type="stmt"/>
      <line num="12" count="1" type="stmt"/>
    </file>
    <file name="operations.ts" path="C:\Users\yara.bona\Desktop\Trabalhos Fatec\4 º - Semestre\3 - Laboratorio de Desenvolvimento Web\Lista 1\src\operations.ts">
      <metrics statements="10" coveredstatements="7" conditionals="3" coveredconditionals="3" methods="4" coveredmethods="3"/>
      <line num="1" count="3" type="stmt"/>
      <line num="3" count="3" type="stmt"/>
      <line num="4" count="2" type="cond" truecount="3" falsecount="0"/>
      <line num="6" count="1" type="stmt"/>
      <line num="9" count="3" type="stmt"/>
      <line num="12" count="3" type="stmt"/>
      <line num="13" count="0" type="stmt"/>
      <line num="14" count="0" type="stmt"/>
      <line num="16" count="0" type="stmt"/>
      <line num="19" count="3" type="stmt"/>
    </file>
  </project>
</coverage>
