{"C:\\Users\\yara.bona\\Desktop\\Trabalhos Fatec\\4 º - Semestre\\3 - Laboratorio de Desenvolvimento Web\\Lista 1\\src\\lista1.ts": {"path":"C:\\Users\\yara.bona\\Desktop\\Trabalhos Fatec\\4 º - Semestre\\3 - Laboratorio de Desenvolvimento Web\\Lista 1\\src\\lista1.ts","statementMap":{"0":{"start":{"line":1,"column":14},"end":{"line":9,"column":1}},"1":{"start":{"line":2,"column":4},"end":{"line":4,"column":5}},"2":{"start":{"line":3,"column":8},"end":{"line":3,"column":null}},"3":{"start":{"line":6,"column":27},"end":{"line":6,"column":46}},"4":{"start":{"line":7,"column":19},"end":{"line":7,"column":65}},"5":{"start":{"line":8,"column":4},"end":{"line":8,"column":18}},"6":{"start":{"line":12,"column":0},"end":{"line":12,"column":23}}},"fnMap":{"0":{"name":"(anonymous_0)","decl":{"start":{"line":1,"column":14},"end":{"line":1,"column":15}},"loc":{"start":{"line":1,"column":47},"end":{"line":9,"column":1}}}},"branchMap":{"0":{"loc":{"start":{"line":2,"column":4},"end":{"line":4,"column":5}},"type":"if","locations":[{"start":{"line":2,"column":4},"end":{"line":4,"column":5}}]},"1":{"loc":{"start":{"line":2,"column":8},"end":{"line":2,"column":48}},"type":"binary-expr","locations":[{"start":{"line":2,"column":8},"end":{"line":2,"column":26}},{"start":{"line":2,"column":30},"end":{"line":2,"column":48}}]}},"s":{"0":1,"1":1,"2":1,"3":0,"4":0,"5":0,"6":1},"f":{"0":1},"b":{"0":[1],"1":[1,1]}}
,"C:\\Users\\yara.bona\\Desktop\\Trabalhos Fatec\\4 º - Semestre\\3 - Laboratorio de Desenvolvimento Web\\Lista 1\\src\\operations.ts": {"path":"C:\\Users\\yara.bona\\Desktop\\Trabalhos Fatec\\4 º - Semestre\\3 - Laboratorio de Desenvolvimento Web\\Lista 1\\src\\operations.ts","statementMap":{"0":{"start":{"line":1,"column":12},"end":{"line":1,"column":43}},"1":{"start":{"line":1,"column":38},"end":{"line":1,"column":43}},"2":{"start":{"line":3,"column":21},"end":{"line":7,"column":1}},"3":{"start":{"line":4,"column":2},"end":{"line":4,"column":71}},"4":{"start":{"line":4,"column":22},"end":{"line":4,"column":71}},"5":{"start":{"line":6,"column":2},"end":{"line":6,"column":15}},"6":{"start":{"line":9,"column":12},"end":{"line":9,"column":43}},"7":{"start":{"line":9,"column":38},"end":{"line":9,"column":43}},"8":{"start":{"line":12,"column":31},"end":{"line":17,"column":1}},"9":{"start":{"line":13,"column":19},"end":{"line":13,"column":28}},"10":{"start":{"line":14,"column":19},"end":{"line":14,"column":35}},"11":{"start":{"line":16,"column":2},"end":{"line":16,"column":18}},"12":{"start":{"line":12,"column":13},"end":{"line":12,"column":31}},"13":{"start":{"line":19,"column":0},"end":{"line":19,"column":59}}},"fnMap":{"0":{"name":"(anonymous_0)","decl":{"start":{"line":1,"column":12},"end":{"line":1,"column":13}},"loc":{"start":{"line":1,"column":38},"end":{"line":1,"column":43}}},"1":{"name":"(anonymous_1)","decl":{"start":{"line":3,"column":21},"end":{"line":3,"column":22}},"loc":{"start":{"line":3,"column":46},"end":{"line":7,"column":1}}},"2":{"name":"(anonymous_2)","decl":{"start":{"line":9,"column":12},"end":{"line":9,"column":13}},"loc":{"start":{"line":9,"column":38},"end":{"line":9,"column":43}}},"3":{"name":"(anonymous_3)","decl":{"start":{"line":12,"column":31},"end":{"line":12,"column":32}},"loc":{"start":{"line":12,"column":67},"end":{"line":17,"column":1}}}},"branchMap":{"0":{"loc":{"start":{"line":4,"column":2},"end":{"line":4,"column":71}},"type":"if","locations":[{"start":{"line":4,"column":2},"end":{"line":4,"column":71}}]},"1":{"loc":{"start":{"line":4,"column":6},"end":{"line":4,"column":20}},"type":"binary-expr","locations":[{"start":{"line":4,"column":6},"end":{"line":4,"column":11}},{"start":{"line":4,"column":15},"end":{"line":4,"column":20}}]}},"s":{"0":3,"1":1,"2":3,"3":2,"4":1,"5":1,"6":3,"7":2,"8":3,"9":0,"10":0,"11":0,"12":3,"13":3},"f":{"0":1,"1":2,"2":2,"3":0},"b":{"0":[1],"1":[2,1]}}
}
