TN:
SF:src\lista1.ts
FN:1,(anonymous_0)
FNF:1
FNH:1
FNDA:1,(anonymous_0)
DA:1,1
DA:2,1
DA:3,1
DA:6,0
DA:7,0
DA:8,0
DA:12,1
LF:7
LH:4
BRDA:2,0,0,1
BRDA:2,1,0,1
BRDA:2,1,1,1
BRF:3
BRH:3
end_of_record
TN:
SF:src\operations.ts
FN:1,(anonymous_0)
FN:3,(anonymous_1)
FN:9,(anonymous_2)
FN:12,(anonymous_3)
FNF:4
FNH:3
FNDA:1,(anonymous_0)
FNDA:2,(anonymous_1)
FNDA:2,(anonymous_2)
FNDA:0,(anonymous_3)
DA:1,3
DA:3,3
DA:4,2
DA:6,1
DA:9,3
DA:12,3
DA:13,0
DA:14,0
DA:16,0
DA:19,3
LF:10
LH:7
BRDA:4,0,0,1
BRDA:4,1,0,2
BRDA:4,1,1,1
BRF:3
BRH:3
end_of_record
