{"C:\\Users\\Alunos\\Desktop\\4º Semestre\\3 - Laboratorio Desenvolvimento Web\\Aula-2-3\\src\\operations.ts": {"path":"C:\\Users\\Alunos\\Desktop\\4º Semestre\\3 - Laboratorio Desenvolvimento Web\\Aula-2-3\\src\\operations.ts","statementMap":{"0":{"start":{"line":13,"column":12},"end":{"line":13,"column":43}},"1":{"start":{"line":13,"column":38},"end":{"line":13,"column":43}},"2":{"start":{"line":15,"column":21},"end":{"line":21,"column":1}},"3":{"start":{"line":16,"column":2},"end":{"line":19,"column":3}},"4":{"start":{"line":18,"column":4},"end":{"line":18,"column":56}},"5":{"start":{"line":20,"column":2},"end":{"line":20,"column":15}},"6":{"start":{"line":23,"column":12},"end":{"line":25,"column":1}},"7":{"start":{"line":24,"column":2},"end":{"line":24,"column":15}},"8":{"start":{"line":27,"column":24},"end":{"line":49,"column":1}},"9":{"start":{"line":31,"column":19},"end":{"line":31,"column":28}},"10":{"start":{"line":48,"column":19},"end":{"line":48,"column":35}},"11":{"start":{"line":50,"column":0},"end":{"line":50,"column":59}}},"fnMap":{"0":{"name":"(anonymous_0)","decl":{"start":{"line":13,"column":12},"end":{"line":13,"column":13}},"loc":{"start":{"line":13,"column":38},"end":{"line":13,"column":43}}},"1":{"name":"(anonymous_1)","decl":{"start":{"line":15,"column":21},"end":{"line":15,"column":22}},"loc":{"start":{"line":15,"column":46},"end":{"line":21,"column":1}}},"2":{"name":"(anonymous_2)","decl":{"start":{"line":23,"column":12},"end":{"line":23,"column":13}},"loc":{"start":{"line":23,"column":37},"end":{"line":25,"column":1}}},"3":{"name":"(anonymous_3)","decl":{"start":{"line":27,"column":24},"end":{"line":27,"column":25}},"loc":{"start":{"line":27,"column":60},"end":{"line":49,"column":1}}}},"branchMap":{"0":{"loc":{"start":{"line":16,"column":2},"end":{"line":19,"column":3}},"type":"if","locations":[{"start":{"line":16,"column":2},"end":{"line":19,"column":3}}]},"1":{"loc":{"start":{"line":16,"column":6},"end":{"line":16,"column":20}},"type":"binary-expr","locations":[{"start":{"line":16,"column":6},"end":{"line":16,"column":11}},{"start":{"line":16,"column":15},"end":{"line":16,"column":20}}]}},"s":{"0":3,"1":2,"2":3,"3":1,"4":1,"5":0,"6":3,"7":2,"8":3,"9":1,"10":1,"11":3},"f":{"0":2,"1":1,"2":2,"3":1},"b":{"0":[1],"1":[1,0]}}
}
